Reading netlist file: "/media/abuntu/NVME_UBUNTU1/Working/MCU_FPGA/ETH/anvil_cold_wallet/c_signer/verilog_rtl/gowin/impl/gwsynthesis/eth_signer_acg525.vg"
Parsing netlist file "/media/abuntu/NVME_UBUNTU1/Working/MCU_FPGA/ETH/anvil_cold_wallet/c_signer/verilog_rtl/gowin/impl/gwsynthesis/eth_signer_acg525.vg" completed
Processing netlist completed
Reading constraint file: "/media/abuntu/NVME_UBUNTU1/Working/MCU_FPGA/ETH/anvil_cold_wallet/c_signer/verilog_rtl/gowin/acg525.cst"
Physical Constraint parsed completed
Running placement......
[10%] Placement Phase 0 completed
[20%] Placement Phase 1 completed
[30%] Placement Phase 2 completed
[50%] Placement Phase 3 completed
Running routing......
[60%] Routing Phase 0 completed
[70%] Routing Phase 1 completed
[80%] Routing Phase 2 completed
[90%] Routing Phase 3 completed
Running timing analysis......
[95%] Timing analysis completed
Placement and routing completed
Bitstream generation in progress......
Bitstream generation completed
Running power analysis......
[100%] Power analysis completed
Generate file "/media/abuntu/NVME_UBUNTU1/Working/MCU_FPGA/ETH/anvil_cold_wallet/c_signer/verilog_rtl/gowin/impl/pnr/eth_signer_acg525.power.html" completed
Generate file "/media/abuntu/NVME_UBUNTU1/Working/MCU_FPGA/ETH/anvil_cold_wallet/c_signer/verilog_rtl/gowin/impl/pnr/eth_signer_acg525.pin.html" completed
Generate file "/media/abuntu/NVME_UBUNTU1/Working/MCU_FPGA/ETH/anvil_cold_wallet/c_signer/verilog_rtl/gowin/impl/pnr/eth_signer_acg525.rpt.html" completed
Generate file "/media/abuntu/NVME_UBUNTU1/Working/MCU_FPGA/ETH/anvil_cold_wallet/c_signer/verilog_rtl/gowin/impl/pnr/eth_signer_acg525.rpt.txt" completed
Generate file "/media/abuntu/NVME_UBUNTU1/Working/MCU_FPGA/ETH/anvil_cold_wallet/c_signer/verilog_rtl/gowin/impl/pnr/eth_signer_acg525.tr.html" completed
Fri Jul 17 16:34:42 2026

